Determining if the pthread_create exist failed with the following output:
Change Dir: /home/forlinx/shell/tsyewu/build/CMakeFiles/CMakeTmp

Run Build Command:"/usr/bin/make" "cmTC_159c0/fast"
/usr/bin/make -f CMakeFiles/cmTC_159c0.dir/build.make CMakeFiles/cmTC_159c0.dir/build
make[1]: 进入目录“/home/forlinx/shell/tsyewu/build/CMakeFiles/CMakeTmp”
Building C object CMakeFiles/cmTC_159c0.dir/CheckSymbolExists.c.o
/opt/fsl-imx-x11/4.1.15-2.0.0/sysroots/x86_64-pokysdk-linux/usr/bin/arm-poky-linux-gnueabi/arm-poky-linux-gnueabi-gcc   -march=armv7ve -mfpu=neon  -mfloat-abi=hard -mcpu=cortex-a7 --sysroot=/opt/fsl-imx-x11/4.1.15-2.0.0/sysroots/cortexa7hf-neon-poky-linux-gnueabi   -O3 -Wall -g -ggdb    -o CMakeFiles/cmTC_159c0.dir/CheckSymbolExists.c.o   -c /home/forlinx/shell/tsyewu/build/CMakeFiles/CMakeTmp/CheckSymbolExists.c
Linking C executable cmTC_159c0
/usr/bin/cmake -E cmake_link_script CMakeFiles/cmTC_159c0.dir/link.txt --verbose=1
/opt/fsl-imx-x11/4.1.15-2.0.0/sysroots/x86_64-pokysdk-linux/usr/bin/arm-poky-linux-gnueabi/arm-poky-linux-gnueabi-gcc   -march=armv7ve -mfpu=neon  -mfloat-abi=hard -mcpu=cortex-a7 --sysroot=/opt/fsl-imx-x11/4.1.15-2.0.0/sysroots/cortexa7hf-neon-poky-linux-gnueabi -O3 -Wall -g -ggdb   -Wl,-O1 -Wl,--hash-style=gnu -Wl,--as-needed  CMakeFiles/cmTC_159c0.dir/CheckSymbolExists.c.o  -o cmTC_159c0 
CMakeFiles/cmTC_159c0.dir/CheckSymbolExists.c.o: In function `main':
/home/forlinx/shell/tsyewu/build/CMakeFiles/CMakeTmp/CheckSymbolExists.c:8: undefined reference to `pthread_create'
/home/forlinx/shell/tsyewu/build/CMakeFiles/CMakeTmp/CheckSymbolExists.c:8: undefined reference to `pthread_create'
collect2: error: ld returned 1 exit status
CMakeFiles/cmTC_159c0.dir/build.make:97: recipe for target 'cmTC_159c0' failed
make[1]: *** [cmTC_159c0] Error 1
make[1]: 离开目录“/home/forlinx/shell/tsyewu/build/CMakeFiles/CMakeTmp”
Makefile:126: recipe for target 'cmTC_159c0/fast' failed
make: *** [cmTC_159c0/fast] Error 2

File /home/forlinx/shell/tsyewu/build/CMakeFiles/CMakeTmp/CheckSymbolExists.c:
/* */
#include <pthread.h>

int main(int argc, char** argv)
{
  (void)argv;
#ifndef pthread_create
  return ((int*)(&pthread_create))[argc];
#else
  (void)argc;
  return 0;
#endif
}

Determining if the function pthread_create exists in the pthreads failed with the following output:
Change Dir: /home/forlinx/shell/tsyewu/build/CMakeFiles/CMakeTmp

Run Build Command:"/usr/bin/make" "cmTC_ba3c2/fast"
/usr/bin/make -f CMakeFiles/cmTC_ba3c2.dir/build.make CMakeFiles/cmTC_ba3c2.dir/build
make[1]: 进入目录“/home/forlinx/shell/tsyewu/build/CMakeFiles/CMakeTmp”
Building C object CMakeFiles/cmTC_ba3c2.dir/CheckFunctionExists.c.o
/opt/fsl-imx-x11/4.1.15-2.0.0/sysroots/x86_64-pokysdk-linux/usr/bin/arm-poky-linux-gnueabi/arm-poky-linux-gnueabi-gcc   -march=armv7ve -mfpu=neon  -mfloat-abi=hard -mcpu=cortex-a7 --sysroot=/opt/fsl-imx-x11/4.1.15-2.0.0/sysroots/cortexa7hf-neon-poky-linux-gnueabi   -O3 -Wall -g -ggdb -DCHECK_FUNCTION_EXISTS=pthread_create   -o CMakeFiles/cmTC_ba3c2.dir/CheckFunctionExists.c.o   -c /usr/share/cmake-3.10/Modules/CheckFunctionExists.c
Linking C executable cmTC_ba3c2
/usr/bin/cmake -E cmake_link_script CMakeFiles/cmTC_ba3c2.dir/link.txt --verbose=1
/opt/fsl-imx-x11/4.1.15-2.0.0/sysroots/x86_64-pokysdk-linux/usr/bin/arm-poky-linux-gnueabi/arm-poky-linux-gnueabi-gcc   -march=armv7ve -mfpu=neon  -mfloat-abi=hard -mcpu=cortex-a7 --sysroot=/opt/fsl-imx-x11/4.1.15-2.0.0/sysroots/cortexa7hf-neon-poky-linux-gnueabi -O3 -Wall -g -ggdb -DCHECK_FUNCTION_EXISTS=pthread_create  -Wl,-O1 -Wl,--hash-style=gnu -Wl,--as-needed  CMakeFiles/cmTC_ba3c2.dir/CheckFunctionExists.c.o  -o cmTC_ba3c2 -lpthreads 
/opt/fsl-imx-x11/4.1.15-2.0.0/sysroots/x86_64-pokysdk-linux/usr/libexec/arm-poky-linux-gnueabi/gcc/arm-poky-linux-gnueabi/5.3.0/real-ld: cannot find -lpthreads
collect2: error: ld returned 1 exit status
CMakeFiles/cmTC_ba3c2.dir/build.make:97: recipe for target 'cmTC_ba3c2' failed
make[1]: *** [cmTC_ba3c2] Error 1
make[1]: 离开目录“/home/forlinx/shell/tsyewu/build/CMakeFiles/CMakeTmp”
Makefile:126: recipe for target 'cmTC_ba3c2/fast' failed
make: *** [cmTC_ba3c2/fast] Error 2


